<?xml version="1.0" encoding="UTF-8"?>
<!-- Generated by org.testng.reporters.JUnitReportReporter -->
<testsuite hostname="hp-PC" name="TestngPack.Test1" tests="1" failures="0" timestamp="25 Aug 2018 12:36:10 GMT" time="0.015" errors="0">
  <testcase name="testPrintMessage" time="0.015" classname="TestngPack.Test1"/>
</testsuite> <!-- TestngPack.Test1 -->
