<?xml version="1.0" encoding="UTF-8"?>
<!-- Generated by org.testng.reporters.JUnitReportReporter -->
<testsuite hostname="hp-PC" name="TestngPack.ParallelExecution" tests="4" failures="0" timestamp="28 Aug 2018 14:58:59 GMT" time="0.032" errors="0">
  <testcase name="firstest" time="0.016" classname="TestngPack.ParallelExecution"/>
  <testcase name="thirdtest" time="0.000" classname="TestngPack.ParallelExecution"/>
  <testcase name="secondtest" time="0.000" classname="TestngPack.ParallelExecution"/>
  <testcase name="fouthtest" time="0.016" classname="TestngPack.ParallelExecution"/>
</testsuite> <!-- TestngPack.ParallelExecution -->
